<?xml version="1.0" encoding="UTF-8"?>
<testng-results ignored="0" total="1" passed="1" failed="0" skipped="0">
  <reporter-output>
  </reporter-output>
  <suite started-at="2024-08-01T14:15:32 CEST" name="Default suite" finished-at="2024-08-01T14:15:32 CEST" duration-ms="65">
    <groups>
    </groups>
    <test started-at="2024-08-01T14:15:32 CEST" name="Default test" finished-at="2024-08-01T14:15:32 CEST" duration-ms="65">
      <class name="newPjct.Pjct1Test">
        <test-method signature="pjct1Test()[pri:0, instance:newPjct.Pjct1Test@49139829]" started-at="2024-08-01T14:15:32 CEST" name="pjct1Test" finished-at="2024-08-01T14:15:32 CEST" duration-ms="13" status="PASS">
          <reporter-output>
          </reporter-output>
        </test-method> <!-- pjct1Test -->
      </class> <!-- newPjct.Pjct1Test -->
    </test> <!-- Default test -->
  </suite> <!-- Default suite -->
</testng-results>
